c:\users\dev\source\repos\pocargs\pocargs\x64\debug\vc143.pdb
c:\users\dev\source\repos\pocargs\pocargs\x64\debug\vc143.idb
c:\users\dev\source\repos\pocargs\pocargs\x64\debug\pocargs.obj
c:\users\dev\source\repos\pocargs\pocargs\x64\debug\booleanswitchargument.obj
c:\users\dev\source\repos\pocargs\pocargs\x64\debug\argumentsparser.obj
c:\users\dev\source\repos\pocargs\pocargs\x64\debug\argument.obj
c:\users\dev\source\repos\pocargs\x64\debug\pocargs.pdb
c:\users\dev\source\repos\pocargs\pocargs\x64\debug\pocargs.tlog\cl.command.1.tlog
c:\users\dev\source\repos\pocargs\pocargs\x64\debug\pocargs.tlog\cl.read.1.tlog
c:\users\dev\source\repos\pocargs\pocargs\x64\debug\pocargs.tlog\cl.write.1.tlog
c:\users\dev\source\repos\pocargs\pocargs\x64\debug\pocargs.tlog\link-cvtres.read.1.tlog
c:\users\dev\source\repos\pocargs\pocargs\x64\debug\pocargs.tlog\link-cvtres.write.1.tlog
c:\users\dev\source\repos\pocargs\pocargs\x64\debug\pocargs.tlog\link-rc.read.1.tlog
c:\users\dev\source\repos\pocargs\pocargs\x64\debug\pocargs.tlog\link-rc.write.1.tlog
c:\users\dev\source\repos\pocargs\pocargs\x64\debug\pocargs.tlog\link.5404-cvtres.read.1.tlog
c:\users\dev\source\repos\pocargs\pocargs\x64\debug\pocargs.tlog\link.5404-cvtres.write.1.tlog
c:\users\dev\source\repos\pocargs\pocargs\x64\debug\pocargs.tlog\link.5404-rc.read.1.tlog
c:\users\dev\source\repos\pocargs\pocargs\x64\debug\pocargs.tlog\link.5404-rc.write.1.tlog
c:\users\dev\source\repos\pocargs\pocargs\x64\debug\pocargs.tlog\link.5404.read.1.tlog
c:\users\dev\source\repos\pocargs\pocargs\x64\debug\pocargs.tlog\link.5404.read.2.tlog
c:\users\dev\source\repos\pocargs\pocargs\x64\debug\pocargs.tlog\link.5404.write.1.tlog
c:\users\dev\source\repos\pocargs\pocargs\x64\debug\pocargs.tlog\link.command.1.tlog
c:\users\dev\source\repos\pocargs\pocargs\x64\debug\pocargs.tlog\link.read.1.tlog
c:\users\dev\source\repos\pocargs\pocargs\x64\debug\pocargs.tlog\link.read.2.tlog
c:\users\dev\source\repos\pocargs\pocargs\x64\debug\pocargs.tlog\link.write.1.tlog
